Determining if the pthread_create exist failed with the following output:
Change Dir: /home/apsosa/Descargas/ejercitacion_punteros/alumnos/cmake-build-debug/CMakeFiles/CMakeTmp

Run Build Command:"/usr/bin/make" "cmTC_63cbd/fast"
/usr/bin/make -f CMakeFiles/cmTC_63cbd.dir/build.make CMakeFiles/cmTC_63cbd.dir/build
make[1]: se entra en el directorio '/home/apsosa/Descargas/ejercitacion_punteros/alumnos/cmake-build-debug/CMakeFiles/CMakeTmp'
Building C object CMakeFiles/cmTC_63cbd.dir/CheckSymbolExists.c.o
/usr/bin/cc    -o CMakeFiles/cmTC_63cbd.dir/CheckSymbolExists.c.o   -c /home/apsosa/Descargas/ejercitacion_punteros/alumnos/cmake-build-debug/CMakeFiles/CMakeTmp/CheckSymbolExists.c
Linking C executable cmTC_63cbd
/opt/clion-2017.2/bin/cmake/bin/cmake -E cmake_link_script CMakeFiles/cmTC_63cbd.dir/link.txt --verbose=1
/usr/bin/cc      -rdynamic CMakeFiles/cmTC_63cbd.dir/CheckSymbolExists.c.o  -o cmTC_63cbd 
CMakeFiles/cmTC_63cbd.dir/CheckSymbolExists.c.o: En la funci√≥n `main':
CheckSymbolExists.c:(.text+0x16): referencia a `pthread_create' sin definir
collect2: error: ld returned 1 exit status
CMakeFiles/cmTC_63cbd.dir/build.make:97: fallo en las instrucciones para el objetivo 'cmTC_63cbd'
make[1]: *** [cmTC_63cbd] Error 1
make[1]: se sale del directorio '/home/apsosa/Descargas/ejercitacion_punteros/alumnos/cmake-build-debug/CMakeFiles/CMakeTmp'
Makefile:126: fallo en las instrucciones para el objetivo 'cmTC_63cbd/fast'
make: *** [cmTC_63cbd/fast] Error 2

File /home/apsosa/Descargas/ejercitacion_punteros/alumnos/cmake-build-debug/CMakeFiles/CMakeTmp/CheckSymbolExists.c:
/* */
#include <pthread.h>

int main(int argc, char** argv)
{
  (void)argv;
#ifndef pthread_create
  return ((int*)(&pthread_create))[argc];
#else
  (void)argc;
  return 0;
#endif
}

Determining if the function pthread_create exists in the pthreads failed with the following output:
Change Dir: /home/apsosa/Descargas/ejercitacion_punteros/alumnos/cmake-build-debug/CMakeFiles/CMakeTmp

Run Build Command:"/usr/bin/make" "cmTC_7d287/fast"
/usr/bin/make -f CMakeFiles/cmTC_7d287.dir/build.make CMakeFiles/cmTC_7d287.dir/build
make[1]: se entra en el directorio '/home/apsosa/Descargas/ejercitacion_punteros/alumnos/cmake-build-debug/CMakeFiles/CMakeTmp'
Building C object CMakeFiles/cmTC_7d287.dir/CheckFunctionExists.c.o
/usr/bin/cc   -DCHECK_FUNCTION_EXISTS=pthread_create   -o CMakeFiles/cmTC_7d287.dir/CheckFunctionExists.c.o   -c /opt/clion-2017.2/bin/cmake/share/cmake-3.8/Modules/CheckFunctionExists.c
Linking C executable cmTC_7d287
/opt/clion-2017.2/bin/cmake/bin/cmake -E cmake_link_script CMakeFiles/cmTC_7d287.dir/link.txt --verbose=1
/usr/bin/cc  -DCHECK_FUNCTION_EXISTS=pthread_create    -rdynamic CMakeFiles/cmTC_7d287.dir/CheckFunctionExists.c.o  -o cmTC_7d287 -lpthreads 
/usr/bin/ld: no se puede encontrar -lpthreads
collect2: error: ld returned 1 exit status
CMakeFiles/cmTC_7d287.dir/build.make:97: fallo en las instrucciones para el objetivo 'cmTC_7d287'
make[1]: *** [cmTC_7d287] Error 1
make[1]: se sale del directorio '/home/apsosa/Descargas/ejercitacion_punteros/alumnos/cmake-build-debug/CMakeFiles/CMakeTmp'
Makefile:126: fallo en las instrucciones para el objetivo 'cmTC_7d287/fast'
make: *** [cmTC_7d287/fast] Error 2


